<?xml version="1.0" encoding="utf-8"?><testsuites><testsuite name="pytest" errors="0" failures="1" skipped="0" tests="1" time="0.079" timestamp="2023-07-19T14:33:13.333398" hostname="LAATW01"><testcase classname="tests.roman_numerals_test.TestRomanNumerals" name="test_acceptance_test" time="0.001"><failure message="AssertionError: assert 'MMXIX' == ''&#10;  + MMXIX">self = &lt;roman_numerals_test.TestRomanNumerals object at 0x0000023BBFF4FFD0&gt;

    def test_acceptance_test(self) -&gt; None:
&gt;       assert("MMXIX" == add("CXXIV", "MDCCCXCV"))
E       AssertionError: assert 'MMXIX' == ''
E         + MMXIX

roman_numerals_test.py:10: AssertionError</failure></testcase></testsuite></testsuites>